Arguments: 
  /usr/local/bin/node /Users/lindsayblock/.yarn/bin/yarn.js start

PATH: 
  /Users/lindsayblock/arc/arcanist/bin:/Users/lindsayblock/.yarn/bin:/Users/lindsayblock/.config/yarn/global/node_modules/.bin:~/.npm-global/bin:/Users/lindsayblock/.rbenv/shims:/Applications/Postgres.app/Contents/Versions/10/bin:/usr/local/bin:/usr/bin:/bin:/usr/sbin:/sbin

Yarn version: 
  1.5.1

Node version: 
  11.1.0

Platform: 
  darwin x64

npm manifest: 
  {
    "name": "create-repack-app",
    "version": "1.0.0",
    "scripts": {
      "build": "cd client && npm install --only=dev && npm install && npm run build && cd ..",
      "deploy": "cp -a client/build/. public/",
      "heroku-postbuild": "npm run build && npm run deploy && echo 'Client Built'"
    },
    "keywords": [],
    "author": "",
    "license": "ISC",
    "dependencies": {
      "axios": "^0.18.0",
      "semantic-ui-css": "^2.4.1",
      "semantic-ui-react": "^0.84.0"
    }
  }

yarn manifest: 
  No manifest

Lockfile: 
  # THIS IS AN AUTOGENERATED FILE. DO NOT EDIT THIS FILE DIRECTLY.
  # yarn lockfile v1
  
  
  "@babel/runtime@^7.1.2":
    version "7.2.0"
    resolved "https://registry.yarnpkg.com/@babel/runtime/-/runtime-7.2.0.tgz#b03e42eeddf5898e00646e4c840fa07ba8dcad7f"
    dependencies:
      regenerator-runtime "^0.12.0"
  
  "@semantic-ui-react/event-stack@^3.0.1":
    version "3.0.1"
    resolved "https://registry.yarnpkg.com/@semantic-ui-react/event-stack/-/event-stack-3.0.1.tgz#41d0b095ac94cc5e1607a4fed4d0f8860d0d2e60"
    dependencies:
      exenv "^1.2.2"
      prop-types "^15.6.2"
  
  axios@^0.18.0:
    version "0.18.0"
    resolved "https://registry.yarnpkg.com/axios/-/axios-0.18.0.tgz#32d53e4851efdc0a11993b6cd000789d70c05102"
    dependencies:
      follow-redirects "^1.3.0"
      is-buffer "^1.1.5"
  
  classnames@^2.2.6:
    version "2.2.6"
    resolved "https://registry.yarnpkg.com/classnames/-/classnames-2.2.6.tgz#43935bffdd291f326dad0a205309b38d00f650ce"
  
  debug@=3.1.0:
    version "3.1.0"
    resolved "https://registry.yarnpkg.com/debug/-/debug-3.1.0.tgz#5bb5a0672628b64149566ba16819e61518c67261"
    dependencies:
      ms "2.0.0"
  
  exenv@^1.2.2:
    version "1.2.2"
    resolved "https://registry.yarnpkg.com/exenv/-/exenv-1.2.2.tgz#2ae78e85d9894158670b03d47bec1f03bd91bb9d"
  
  follow-redirects@^1.3.0:
    version "1.6.1"
    resolved "https://registry.yarnpkg.com/follow-redirects/-/follow-redirects-1.6.1.tgz#514973c44b5757368bad8bddfe52f81f015c94cb"
    dependencies:
      debug "=3.1.0"
  
  is-buffer@^1.1.5:
    version "1.1.6"
    resolved "https://registry.yarnpkg.com/is-buffer/-/is-buffer-1.1.6.tgz#efaa2ea9daa0d7ab2ea13a97b2b8ad51fefbe8be"
  
  jquery@x.*:
    version "3.3.1"
    resolved "https://registry.yarnpkg.com/jquery/-/jquery-3.3.1.tgz#958ce29e81c9790f31be7792df5d4d95fc57fbca"
  
  "js-tokens@^3.0.0 || ^4.0.0":
    version "4.0.0"
    resolved "https://registry.yarnpkg.com/js-tokens/-/js-tokens-4.0.0.tgz#19203fb59991df98e3a287050d4647cdeaf32499"
  
  keyboard-key@^1.0.2:
    version "1.0.2"
    resolved "https://registry.yarnpkg.com/keyboard-key/-/keyboard-key-1.0.2.tgz#212e14dde4c2059814336159bbc5acd0a348ca6b"
  
  lodash@^4.17.11:
    version "4.17.11"
    resolved "https://registry.yarnpkg.com/lodash/-/lodash-4.17.11.tgz#b39ea6229ef607ecd89e2c8df12536891cac9b8d"
  
  loose-envify@^1.3.1:
    version "1.4.0"
    resolved "https://registry.yarnpkg.com/loose-envify/-/loose-envify-1.4.0.tgz#71ee51fa7be4caec1a63839f7e682d8132d30caf"
    dependencies:
      js-tokens "^3.0.0 || ^4.0.0"
  
  ms@2.0.0:
    version "2.0.0"
    resolved "https://registry.yarnpkg.com/ms/-/ms-2.0.0.tgz#5608aeadfc00be6c2901df5f9861788de0d597c8"
  
  object-assign@^4.1.1:
    version "4.1.1"
    resolved "https://registry.yarnpkg.com/object-assign/-/object-assign-4.1.1.tgz#2109adc7965887cfc05cbbd442cac8bfbb360863"
  
  prop-types@^15.6.2:
    version "15.6.2"
    resolved "https://registry.yarnpkg.com/prop-types/-/prop-types-15.6.2.tgz#05d5ca77b4453e985d60fc7ff8c859094a497102"
    dependencies:
      loose-envify "^1.3.1"
      object-assign "^4.1.1"
  
  regenerator-runtime@^0.12.0:
    version "0.12.1"
    resolved "https://registry.yarnpkg.com/regenerator-runtime/-/regenerator-runtime-0.12.1.tgz#fa1a71544764c036f8c49b13a08b2594c9f8a0de"
  
  semantic-ui-css@^2.4.1:
    version "2.4.1"
    resolved "https://registry.yarnpkg.com/semantic-ui-css/-/semantic-ui-css-2.4.1.tgz#f5aea39fafb787cbd905ec724272a3f9cba9004a"
    dependencies:
      jquery x.*
  
  semantic-ui-react@^0.84.0:
    version "0.84.0"
    resolved "https://registry.yarnpkg.com/semantic-ui-react/-/semantic-ui-react-0.84.0.tgz#43f908fd547b1e8b2b108675a93cd7d7460bcdbe"
    dependencies:
      "@babel/runtime" "^7.1.2"
      "@semantic-ui-react/event-stack" "^3.0.1"
      classnames "^2.2.6"
      keyboard-key "^1.0.2"
      lodash "^4.17.11"
      prop-types "^15.6.2"
      shallowequal "^1.1.0"
  
  shallowequal@^1.1.0:
    version "1.1.0"
    resolved "https://registry.yarnpkg.com/shallowequal/-/shallowequal-1.1.0.tgz#188d521de95b9087404fd4dcb68b13df0ae4e7f8"

Trace: 
  Error: Command "start" not found.
      at new MessageError (/Users/lindsayblock/.yarn/lib/cli.js:186:110)
      at /Users/lindsayblock/.yarn/lib/cli.js:87307:17
      at Generator.next (<anonymous>)
      at step (/Users/lindsayblock/.yarn/lib/cli.js:98:30)
      at /Users/lindsayblock/.yarn/lib/cli.js:116:14
      at new Promise (<anonymous>)
      at new F (/Users/lindsayblock/.yarn/lib/cli.js:23451:28)
      at /Users/lindsayblock/.yarn/lib/cli.js:95:12
      at runCommand (/Users/lindsayblock/.yarn/lib/cli.js:87312:22)
      at Object.<anonymous> (/Users/lindsayblock/.yarn/lib/cli.js:87412:14)
